Started
[Fri Dec 09 14:50:48 UTC 2022] Starting branch indexing...
Using strategy: Default
[poll] Last Built Revision: Revision 6aba79520f7464842eeb31cf98230edea958be1b (refs/remotes/origin/develop)
The recommended git tool is: NONE
No credentials specified
 > git --version # timeout=10
 > git --version # 'git version 2.30.2'
 > git ls-remote -h -- https://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@github.com/Olujuwon/realtimechatapp.git # timeout=10
Found 2 remote heads on https://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@github.com/Olujuwon/realtimechatapp.git
[poll] Latest remote head revision on refs/heads/develop is: 6aba79520f7464842eeb31cf98230edea958be1b - already built by 1
Using strategy: Default
[poll] Last Built Revision: Revision 6aba79520f7464842eeb31cf98230edea958be1b (refs/remotes/origin/develop)
The recommended git tool is: NONE
No credentials specified
 > git --version # timeout=10
 > git --version # 'git version 2.30.2'
 > git ls-remote -h -- https://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@github.com/Olujuwon/realtimechatapp.git # timeout=10
Found 2 remote heads on https://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@github.com/Olujuwon/realtimechatapp.git
[poll] Latest remote head revision on refs/heads/develop is: 6aba79520f7464842eeb31cf98230edea958be1b - already built by 1
No changes detected: develop (still at jenkins.scm.impl.SingleSCMSource$SCMRevisionImpl@5cf6fe5d)
[Fri Dec 09 14:50:52 UTC 2022] Finished branch indexing. Indexing took 3.8 sec
Finished: SUCCESS
